g:\body-cam\api english\api\demo\vs\icvsclientdemo\debug\icvsclientdemo.pch
g:\body-cam\api english\api\demo\vs\icvsclientdemo\debug\vc142.pdb
g:\body-cam\api english\api\demo\vs\icvsclientdemo\debug\vc142.idb
g:\body-cam\api english\api\demo\vs\icvsclientdemo\debug\stdafx.obj
g:\body-cam\api english\api\demo\vs\icvsclientdemo\debug\vodontimedialog.obj
g:\body-cam\api english\api\demo\vs\icvsclientdemo\debug\log.obj
g:\body-cam\api english\api\demo\vs\icvsclientdemo\debug\icvsclientdemodlg.obj
g:\body-cam\api english\api\demo\vs\icvsclientdemo\debug\icvsclientdemo.obj
g:\body-cam\api english\api\demo\vs\icvsclientdemo\debug\dlgtimeslice.obj
g:\body-cam\api english\api\demo\vs\debug\icvsclientdemo.exe
g:\body-cam\api english\api\demo\vs\icvsclientdemo\debug\icvsclientdemo.ilk
g:\body-cam\api english\api\demo\vs\debug\icvsclientdemo.pdb
g:\body-cam\api english\api\demo\vs\icvsclientdemo\debug\icvsclientdemo.res
g:\body-cam\api english\api\demo\vs\icvsclientdemo\debug\icvsclientdemodlg.obj.enc
g:\body-cam\api english\api\demo\vs\icvsclientdemo\debug\icvsclientdemo.tlog\cl.command.1.tlog
g:\body-cam\api english\api\demo\vs\icvsclientdemo\debug\icvsclientdemo.tlog\cl.read.1.tlog
g:\body-cam\api english\api\demo\vs\icvsclientdemo\debug\icvsclientdemo.tlog\cl.write.1.tlog
g:\body-cam\api english\api\demo\vs\icvsclientdemo\debug\icvsclientdemo.tlog\link.command.1.tlog
g:\body-cam\api english\api\demo\vs\icvsclientdemo\debug\icvsclientdemo.tlog\link.read.1.tlog
g:\body-cam\api english\api\demo\vs\icvsclientdemo\debug\icvsclientdemo.tlog\link.write.1.tlog
g:\body-cam\api english\api\demo\vs\icvsclientdemo\debug\icvsclientdemo.tlog\rc.command.1.tlog
g:\body-cam\api english\api\demo\vs\icvsclientdemo\debug\icvsclientdemo.tlog\rc.read.1.tlog
g:\body-cam\api english\api\demo\vs\icvsclientdemo\debug\icvsclientdemo.tlog\rc.write.1.tlog
