=============================================================
	TSingLink log file
	Subject :    Running Information
	Created-Time :    24/03/10-16:50:58 000
	Application: G:\body-cam\API English\API\demo\VS\Debug\iCVSServerDemo.exe 2024-03-10 16:50:34
	Module:      G:\body-cam\API English\API\demo\VS\Debug\iCVSC2.dll 2020-04-24 09:25:11
	PID: 23708 (0x5c9c) Version: 2.0.19.1227
=============================================================
=============================================================
	TSingLink log file
	Subject :    Running Information
	Created-Time :    24/03/10-16:53:11 000
	Application: G:\body-cam\API English\API\demo\VS\Debug\iCVSServerDemo.exe 2024-03-10 16:53:08
	Module:      G:\body-cam\API English\API\demo\VS\Debug\iCVSC2.dll 2020-04-24 09:25:11
	PID: 25420 (0x634c) Version: 2.0.19.1227
=============================================================
=============================================================
	TSingLink log file
	Subject :    Running Information
	Created-Time :    24/03/10-16:53:29 000
	Application: G:\body-cam\API English\API\demo\VS\Debug\iCVSServerDemo.exe 2024-03-10 16:53:08
	Module:      G:\body-cam\API English\API\demo\VS\Debug\iCVSC2.dll 2020-04-24 09:25:11
	PID: 22316 (0x572c) Version: 2.0.19.1227
=============================================================
=============================================================
	TSingLink log file
	Subject :    Running Information
	Created-Time :    24/03/10-18:16:07 000
	Application: G:\body-cam\API English\API\demo\VS\Debug\iCVSServerDemo.exe 2024-03-10 18:16:05
	Module:      G:\body-cam\API English\API\demo\VS\Debug\iCVSC2.dll 2020-04-24 09:25:11
	PID: 20840 (0x5168) Version: 2.0.19.1227
=============================================================
=============================================================
	TSingLink log file
	Subject :    Running Information
	Created-Time :    24/03/10-19:46:08 000
	Application: G:\body-cam\API English\API\demo\VS\Debug\iCVSServerDemo.exe 2024-03-10 19:45:53
	Module:      G:\body-cam\API English\API\demo\VS\Debug\iCVSC2.dll 2020-04-24 09:25:11
	PID: 21004 (0x520c) Version: 2.0.19.1227
=============================================================
=============================================================
	TSingLink log file
	Subject :    Running Information
	Created-Time :    24/03/10-19:49:23 000
	Application: G:\body-cam\API English\API\demo\VS\Debug\iCVSServerDemo.exe 2024-03-10 19:45:53
	Module:      G:\body-cam\API English\API\demo\VS\Debug\iCVSC2.dll 2020-04-24 09:25:11
	PID: 4036 (0x0fc4) Version: 2.0.19.1227
=============================================================
=============================================================
	TSingLink log file
	Subject :    Running Information
	Created-Time :    24/03/10-20:05:30 000
	Application: G:\body-cam\API English\API\demo\VS\Debug\iCVSServerDemo.exe 2024-03-10 19:45:53
	Module:      G:\body-cam\API English\API\demo\VS\Debug\iCVSC2.dll 2020-04-24 09:25:11
	PID: 7164 (0x1bfc) Version: 2.0.19.1227
=============================================================
=============================================================
	TSingLink log file
	Subject :    Running Information
	Created-Time :    24/03/10-20:50:29 000
	Application: G:\body-cam\API English\API\demo\VS\Debug\iCVSServerDemo.exe 2024-03-10 20:49:26
	Module:      G:\body-cam\API English\API\demo\VS\Debug\iCVSC2.dll 2020-04-24 09:25:11
	PID: 22280 (0x5708) Version: 2.0.19.1227
=============================================================
=============================================================
	TSingLink log file
	Subject :    Running Information
	Created-Time :    24/03/10-21:09:05 000
	Application: G:\body-cam\API English\API\demo\VS\Debug\iCVSServerDemo.exe 2024-03-10 21:09:02
	Module:      G:\body-cam\API English\API\demo\VS\Debug\iCVSC2.dll 2020-04-24 09:25:11
	PID: 23172 (0x5a84) Version: 2.0.19.1227
=============================================================
=============================================================
	TSingLink log file
	Subject :    Running Information
	Created-Time :    24/03/10-21:15:34 000
	Application: G:\body-cam\API English\API\demo\VS\Debug\iCVSServerDemo.exe 2024-03-10 21:15:33
	Module:      G:\body-cam\API English\API\demo\VS\Debug\iCVSC2.dll 2020-04-24 09:25:11
	PID: 24708 (0x6084) Version: 2.0.19.1227
=============================================================
=============================================================
	TSingLink log file
	Subject :    Running Information
	Created-Time :    24/03/10-21:25:08 000
	Application: G:\body-cam\API English\API\demo\VS\Debug\iCVSServerDemo.exe 2024-03-10 21:25:06
	Module:      G:\body-cam\API English\API\demo\VS\Debug\iCVSC2.dll 2020-04-24 09:25:11
	PID: 3540 (0x0dd4) Version: 2.0.19.1227
=============================================================
=============================================================
	TSingLink log file
	Subject :    Running Information
	Created-Time :    24/03/10-21:43:38 016
	Application: G:\body-cam\API English\API\demo\VS\Debug\iCVSServerDemo.exe 2024-03-10 21:43:37
	Module:      G:\body-cam\API English\API\demo\VS\Debug\iCVSC2.dll 2020-04-24 09:25:11
	PID: 7364 (0x1cc4) Version: 2.0.19.1227
=============================================================
=============================================================
	TSingLink log file
	Subject :    Running Information
	Created-Time :    24/03/10-22:02:31 000
	Application: G:\body-cam\API English\API\demo\VS\Debug\iCVSServerDemo.exe 2024-03-10 21:43:37
	Module:      G:\body-cam\API English\API\demo\VS\Debug\iCVSC2.dll 2020-04-24 09:25:11
	PID: 26692 (0x6844) Version: 2.0.19.1227
=============================================================
=============================================================
	TSingLink log file
	Subject :    Running Information
	Created-Time :    24/03/10-22:28:30 000
	Application: G:\body-cam\API English\API\demo\VS\Debug\iCVSClientDemo.exe 2024-03-10 22:28:26
	Module:      G:\body-cam\API English\API\demo\VS\Debug\iCVSC2.dll 2020-04-24 09:25:11
	PID: 9456 (0x24f0) Version: 2.0.19.1227
=============================================================
=============================================================
	TSingLink log file
	Subject :    Running Information
	Created-Time :    24/03/10-22:29:35 000
	Application: G:\body-cam\API English\API\demo\VS\Debug\iCVSClientDemo.exe 2024-03-10 22:29:34
	Module:      G:\body-cam\API English\API\demo\VS\Debug\iCVSC2.dll 2020-04-24 09:25:11
	PID: 4376 (0x1118) Version: 2.0.19.1227
=============================================================
=============================================================
	TSingLink log file
	Subject :    Running Information
	Created-Time :    24/03/10-22:30:19 000
	Application: G:\body-cam\API English\API\demo\VS\Debug\iCVSServerDemo.exe 2024-03-10 21:43:37
	Module:      G:\body-cam\API English\API\demo\VS\Debug\iCVSC2.dll 2020-04-24 09:25:11
	PID: 26604 (0x67ec) Version: 2.0.19.1227
=============================================================
=============================================================
	TSingLink log file
	Subject :    Running Information
	Created-Time :    24/03/10-22:40:30 000
	Application: G:\body-cam\API English\API\demo\VS\Debug\iCVSServerDemo.exe 2024-03-10 21:43:37
	Module:      G:\body-cam\API English\API\demo\VS\Debug\iCVSC2.dll 2020-04-24 09:25:11
	PID: 3308 (0x0cec) Version: 2.0.19.1227
=============================================================
=============================================================
	TSingLink log file
	Subject :    Running Information
	Created-Time :    24/03/10-22:50:46 015
	Application: G:\body-cam\API English\API\demo\VS\Debug\iCVSServerDemo.exe 2024-03-10 22:50:45
	Module:      G:\body-cam\API English\API\demo\VS\Debug\iCVSC2.dll 2020-04-24 09:25:11
	PID: 26772 (0x6894) Version: 2.0.19.1227
=============================================================
=============================================================
	TSingLink log file
	Subject :    Running Information
	Created-Time :    24/03/10-23:01:22 000
	Application: G:\body-cam\API English\API\demo\VS\Debug\iCVSServerDemo.exe 2024-03-10 23:01:08
	Module:      G:\body-cam\API English\API\demo\VS\Debug\iCVSC2.dll 2020-04-24 09:25:11
	PID: 23640 (0x5c58) Version: 2.0.19.1227
=============================================================
=============================================================
	TSingLink log file
	Subject :    Running Information
	Created-Time :    24/03/10-23:02:08 015
	Application: G:\body-cam\API English\API\demo\VS\Debug\iCVSClientDemo.exe 2024-03-10 23:01:59
	Module:      G:\body-cam\API English\API\demo\VS\Debug\iCVSC2.dll 2020-04-24 09:25:11
	PID: 15668 (0x3d34) Version: 2.0.19.1227
=============================================================
=============================================================
	TSingLink log file
	Subject :    Running Information
	Created-Time :    24/03/10-23:12:37 000
	Application: G:\body-cam\API English\API\demo\VS\Debug\iCVSServerDemo.exe 2024-03-10 23:01:08
	Module:      G:\body-cam\API English\API\demo\VS\Debug\iCVSC2.dll 2020-04-24 09:25:11
	PID: 5864 (0x16e8) Version: 2.0.19.1227
=============================================================
=============================================================
	TSingLink log file
	Subject :    Running Information
	Created-Time :    24/03/10-23:13:16 016
	Application: G:\body-cam\API English\API\demo\VS\Debug\iCVSServerDemo.exe 2024-03-10 23:01:08
	Module:      G:\body-cam\API English\API\demo\VS\Debug\iCVSC2.dll 2020-04-24 09:25:11
	PID: 26332 (0x66dc) Version: 2.0.19.1227
=============================================================
=============================================================
	TSingLink log file
	Subject :    Running Information
	Created-Time :    24/03/10-23:13:53 000
	Application: G:\body-cam\API English\API\demo\VS\Debug\iCVSServerDemo.exe 2024-03-10 23:13:50
	Module:      G:\body-cam\API English\API\demo\VS\Debug\iCVSC2.dll 2020-04-24 09:25:11
	PID: 11636 (0x2d74) Version: 2.0.19.1227
=============================================================
=============================================================
	TSingLink log file
	Subject :    Running Information
	Created-Time :    24/03/10-23:20:50 000
	Application: G:\body-cam\API English\API\demo\VS\Debug\iCVSServerDemo.exe 2024-03-10 23:20:47
	Module:      G:\body-cam\API English\API\demo\VS\Debug\iCVSC2.dll 2020-04-24 09:25:11
	PID: 24688 (0x6070) Version: 2.0.19.1227
=============================================================
=============================================================
	TSingLink log file
	Subject :    Running Information
	Created-Time :    24/03/10-23:22:28 000
	Application: G:\body-cam\API English\API\demo\VS\Debug\iCVSClientDemo.exe 2024-03-10 23:22:24
	Module:      G:\body-cam\API English\API\demo\VS\Debug\iCVSC2.dll 2020-04-24 09:25:11
	PID: 25228 (0x628c) Version: 2.0.19.1227
=============================================================
=============================================================
	TSingLink log file
	Subject :    Running Information
	Created-Time :    24/03/10-23:22:43 000
	Application: G:\body-cam\API English\API\demo\VS\Debug\iCVSClientDemo.exe 2024-03-10 23:22:42
	Module:      G:\body-cam\API English\API\demo\VS\Debug\iCVSC2.dll 2020-04-24 09:25:11
	PID: 13344 (0x3420) Version: 2.0.19.1227
=============================================================
=============================================================
	TSingLink log file
	Subject :    Running Information
	Created-Time :    24/03/10-23:30:57 000
	Application: G:\body-cam\API English\API\demo\VS\Debug\iCVSClientDemo.exe 2024-03-10 23:30:55
	Module:      G:\body-cam\API English\API\demo\VS\Debug\iCVSC2.dll 2020-04-24 09:25:11
	PID: 17176 (0x4318) Version: 2.0.19.1227
=============================================================
=============================================================
	TSingLink log file
	Subject :    Running Information
	Created-Time :    24/03/10-23:44:50 000
	Application: G:\body-cam\API English\API\demo\VS\Debug\iCVSClientDemo.exe 2024-03-10 23:44:48
	Module:      G:\body-cam\API English\API\demo\VS\Debug\iCVSC2.dll 2020-04-24 09:25:11
	PID: 18924 (0x49ec) Version: 2.0.19.1227
=============================================================
=============================================================
	TSingLink log file
	Subject :    Running Information
	Created-Time :    24/03/10-23:51:59 000
	Application: G:\body-cam\API English\API\demo\VS\Debug\iCVSClientDemo.exe 2024-03-10 23:51:57
	Module:      G:\body-cam\API English\API\demo\VS\Debug\iCVSC2.dll 2020-04-24 09:25:11
	PID: 3328 (0x0d00) Version: 2.0.19.1227
=============================================================
=============================================================
	TSingLink log file
	Subject :    Running Information
	Created-Time :    24/03/11-00:15:36 000
	Application: G:\body-cam\API English\API\demo\VS\Debug\iCVSClientDemo.exe 2024-03-11 00:15:34
	Module:      G:\body-cam\API English\API\demo\VS\Debug\iCVSC2.dll 2020-04-24 09:25:11
	PID: 12608 (0x3140) Version: 2.0.19.1227
=============================================================
